<?xml version="1.0" encoding="UTF-8"?>
<!-- Generated by org.testng.reporters.JUnitXMLReporter -->
<testsuite ignored="2" hostname="DESKTOP-5690C3M" failures="0" tests="4" name="test-Runner=1" time="4.661" errors="0" timestamp="2023-11-22T10:23:48 IST">
  <testcase classname="com.OTM.GenericUtils.BaseClass" name="@BeforeClass config_BC" time="3.099">
    <failure type="org.openqa.selenium.remote.NoSuchDriverException" message="Unable to obtain: Capabilities {browserName: chrome, goog:chromeOptions: {args: [--remote-allow-origins=*], extensions: []}}, error Command failed with code: 65, executed: [C:\Users\KINSHU~1\AppData\Local\Temp\selenium-manager119333951460500010562644772955481806\selenium-manager.exe, --browser, chrome, --output, json]
error sending request for url (https://googlechromelabs.github.io/chrome-for-testing/known-good-versions-with-downloads.json): error trying to connect: dns error: No such host is known. (os error 11001)
Build info: version: &amp;apos;4.11.0&amp;apos;, revision: &amp;apos;040bc5406b&amp;apos;
System info: os.name: &amp;apos;Windows 10&amp;apos;, os.arch: &amp;apos;amd64&amp;apos;, os.version: &amp;apos;10.0&amp;apos;, java.version: &amp;apos;17.0.9&amp;apos;
Driver info: driver.version: ChromeDriver">
      <![CDATA[org.openqa.selenium.remote.NoSuchDriverException: Unable to obtain: Capabilities {browserName: chrome, goog:chromeOptions: {args: [--remote-allow-origins=*], extensions: []}}, error Command failed with code: 65, executed: [C:\Users\KINSHU~1\AppData\Local\Temp\selenium-manager119333951460500010562644772955481806\selenium-manager.exe, --browser, chrome, --output, json]
error sending request for url (https://googlechromelabs.github.io/chrome-for-testing/known-good-versions-with-downloads.json): error trying to connect: dns error: No such host is known. (os error 11001)
Build info: version: '4.11.0', revision: '040bc5406b'
System info: os.name: 'Windows 10', os.arch: 'amd64', os.version: '10.0', java.version: '17.0.9'
Driver info: driver.version: ChromeDriver
at org.openqa.selenium.remote.service.DriverFinder.getPath(DriverFinder.java:25)
at org.openqa.selenium.remote.service.DriverFinder.getPath(DriverFinder.java:13)
at org.openqa.selenium.chrome.ChromeDriver.generateExecutor(ChromeDriver.java:99)
at org.openqa.selenium.chrome.ChromeDriver.<init>(ChromeDriver.java:88)
at org.openqa.selenium.chrome.ChromeDriver.<init>(ChromeDriver.java:83)
at org.openqa.selenium.chrome.ChromeDriver.<init>(ChromeDriver.java:51)
at com.OTM.GenericUtils.BaseClass.config_BC(BaseClass.java:37)
at java.base/java.util.ArrayList.forEach(ArrayList.java:1511)
at java.base/java.util.concurrent.FutureTask.run(FutureTask.java:264)
at java.base/java.util.concurrent.ThreadPoolExecutor.runWorker(ThreadPoolExecutor.java:1136)
at java.base/java.util.concurrent.ThreadPoolExecutor$Worker.run(ThreadPoolExecutor.java:635)
at java.base/java.lang.Thread.run(Thread.java:842)
Caused by: org.openqa.selenium.WebDriverException: Command failed with code: 65, executed: [C:\Users\KINSHU~1\AppData\Local\Temp\selenium-manager119333951460500010562644772955481806\selenium-manager.exe, --browser, chrome, --output, json]
error sending request for url (https://googlechromelabs.github.io/chrome-for-testing/known-good-versions-with-downloads.json): error trying to connect: dns error: No such host is known. (os error 11001)
Build info: version: '4.11.0', revision: '040bc5406b'
System info: os.name: 'Windows 10', os.arch: 'amd64', os.version: '10.0', java.version: '17.0.9'
Driver info: driver.version: ChromeDriver
at org.openqa.selenium.manager.SeleniumManager.runCommand(SeleniumManager.java:151)
at org.openqa.selenium.manager.SeleniumManager.getDriverPath(SeleniumManager.java:273)
at org.openqa.selenium.remote.service.DriverFinder.getPath(DriverFinder.java:22)
... 26 more
... Removed 15 stack frames]]>
    </failure>
  </testcase> <!-- @BeforeClass config_BC -->
  <testcase classname="com.OTM.GenericUtils.BaseClass" name="@BeforeClass config_BC" time="3.099">
    <failure type="org.openqa.selenium.remote.NoSuchDriverException" message="Unable to obtain: Capabilities {browserName: chrome, goog:chromeOptions: {args: [--remote-allow-origins=*], extensions: []}}, error Command failed with code: 65, executed: [C:\Users\KINSHU~1\AppData\Local\Temp\selenium-manager119333951460500010562644772955481806\selenium-manager.exe, --browser, chrome, --output, json]
error sending request for url (https://googlechromelabs.github.io/chrome-for-testing/known-good-versions-with-downloads.json): error trying to connect: dns error: No such host is known. (os error 11001)
Build info: version: &amp;apos;4.11.0&amp;apos;, revision: &amp;apos;040bc5406b&amp;apos;
System info: os.name: &amp;apos;Windows 10&amp;apos;, os.arch: &amp;apos;amd64&amp;apos;, os.version: &amp;apos;10.0&amp;apos;, java.version: &amp;apos;17.0.9&amp;apos;
Driver info: driver.version: ChromeDriver">
      <![CDATA[org.openqa.selenium.remote.NoSuchDriverException: Unable to obtain: Capabilities {browserName: chrome, goog:chromeOptions: {args: [--remote-allow-origins=*], extensions: []}}, error Command failed with code: 65, executed: [C:\Users\KINSHU~1\AppData\Local\Temp\selenium-manager119333951460500010562644772955481806\selenium-manager.exe, --browser, chrome, --output, json]
error sending request for url (https://googlechromelabs.github.io/chrome-for-testing/known-good-versions-with-downloads.json): error trying to connect: dns error: No such host is known. (os error 11001)
Build info: version: '4.11.0', revision: '040bc5406b'
System info: os.name: 'Windows 10', os.arch: 'amd64', os.version: '10.0', java.version: '17.0.9'
Driver info: driver.version: ChromeDriver
at org.openqa.selenium.remote.service.DriverFinder.getPath(DriverFinder.java:25)
at org.openqa.selenium.remote.service.DriverFinder.getPath(DriverFinder.java:13)
at org.openqa.selenium.chrome.ChromeDriver.generateExecutor(ChromeDriver.java:99)
at org.openqa.selenium.chrome.ChromeDriver.<init>(ChromeDriver.java:88)
at org.openqa.selenium.chrome.ChromeDriver.<init>(ChromeDriver.java:83)
at org.openqa.selenium.chrome.ChromeDriver.<init>(ChromeDriver.java:51)
at com.OTM.GenericUtils.BaseClass.config_BC(BaseClass.java:37)
at java.base/java.util.ArrayList.forEach(ArrayList.java:1511)
at java.base/java.util.concurrent.FutureTask.run(FutureTask.java:264)
at java.base/java.util.concurrent.ThreadPoolExecutor.runWorker(ThreadPoolExecutor.java:1136)
at java.base/java.util.concurrent.ThreadPoolExecutor$Worker.run(ThreadPoolExecutor.java:635)
at java.base/java.lang.Thread.run(Thread.java:842)
Caused by: org.openqa.selenium.WebDriverException: Command failed with code: 65, executed: [C:\Users\KINSHU~1\AppData\Local\Temp\selenium-manager119333951460500010562644772955481806\selenium-manager.exe, --browser, chrome, --output, json]
error sending request for url (https://googlechromelabs.github.io/chrome-for-testing/known-good-versions-with-downloads.json): error trying to connect: dns error: No such host is known. (os error 11001)
Build info: version: '4.11.0', revision: '040bc5406b'
System info: os.name: 'Windows 10', os.arch: 'amd64', os.version: '10.0', java.version: '17.0.9'
Driver info: driver.version: ChromeDriver
at org.openqa.selenium.manager.SeleniumManager.runCommand(SeleniumManager.java:151)
at org.openqa.selenium.manager.SeleniumManager.getDriverPath(SeleniumManager.java:273)
at org.openqa.selenium.remote.service.DriverFinder.getPath(DriverFinder.java:22)
... 26 more
... Removed 15 stack frames]]>
    </failure>
  </testcase> <!-- @BeforeClass config_BC -->
  <testcase classname="com.OTM.GenericUtils.BaseClass" name="@BeforeMethod cofig_BM" time="0.0">
    <skipped/>
  </testcase> <!-- @BeforeMethod cofig_BM -->
  <testcase classname="com.OTM.GenericUtils.BaseClass" name="@BeforeMethod cofig_BM" time="0.0">
    <skipped/>
  </testcase> <!-- @BeforeMethod cofig_BM -->
  <testcase classname="com.OTM.GenericUtils.BaseClass" name="@AfterMethod cofig_AM" time="0.0">
    <skipped/>
  </testcase> <!-- @AfterMethod cofig_AM -->
  <testcase classname="com.OTM.GenericUtils.BaseClass" name="@AfterMethod cofig_AM" time="0.0">
    <skipped/>
  </testcase> <!-- @AfterMethod cofig_AM -->
  <testcase classname="com.OTM.GenericUtils.BaseClass" name="@BeforeMethod cofig_BM" time="0.0">
    <skipped/>
  </testcase> <!-- @BeforeMethod cofig_BM -->
  <testcase classname="com.OTM.GenericUtils.BaseClass" name="@BeforeMethod cofig_BM" time="0.0">
    <skipped/>
  </testcase> <!-- @BeforeMethod cofig_BM -->
  <testcase classname="com.OTM.GenericUtils.BaseClass" name="@AfterMethod cofig_AM" time="0.0">
    <skipped/>
  </testcase> <!-- @AfterMethod cofig_AM -->
  <testcase classname="com.OTM.GenericUtils.BaseClass" name="@AfterMethod cofig_AM" time="0.0">
    <skipped/>
  </testcase> <!-- @AfterMethod cofig_AM -->
  <testcase classname="com.OTM.GenericUtils.BaseClass" name="@AfterClass cofig_AC" time="0.0">
    <skipped/>
  </testcase> <!-- @AfterClass cofig_AC -->
  <testcase classname="com.OTM.GenericUtils.BaseClass" name="@AfterClass cofig_AC" time="0.0">
    <skipped/>
  </testcase> <!-- @AfterClass cofig_AC -->
  <testcase classname="com.OTM.GenericUtils.BaseClass" name="@BeforeClass config_BC" time="1.132">
    <failure type="org.openqa.selenium.remote.NoSuchDriverException" message="Unable to obtain: Capabilities {browserName: chrome, goog:chromeOptions: {args: [--remote-allow-origins=*], extensions: []}}, error Command failed with code: 65, executed: [C:\Users\KINSHU~1\AppData\Local\Temp\selenium-manager119333951460500010562644772955481806\selenium-manager.exe, --browser, chrome, --output, json]
error sending request for url (https://googlechromelabs.github.io/chrome-for-testing/known-good-versions-with-downloads.json): error trying to connect: dns error: No such host is known. (os error 11001)
Build info: version: &amp;apos;4.11.0&amp;apos;, revision: &amp;apos;040bc5406b&amp;apos;
System info: os.name: &amp;apos;Windows 10&amp;apos;, os.arch: &amp;apos;amd64&amp;apos;, os.version: &amp;apos;10.0&amp;apos;, java.version: &amp;apos;17.0.9&amp;apos;
Driver info: driver.version: ChromeDriver">
      <![CDATA[org.openqa.selenium.remote.NoSuchDriverException: Unable to obtain: Capabilities {browserName: chrome, goog:chromeOptions: {args: [--remote-allow-origins=*], extensions: []}}, error Command failed with code: 65, executed: [C:\Users\KINSHU~1\AppData\Local\Temp\selenium-manager119333951460500010562644772955481806\selenium-manager.exe, --browser, chrome, --output, json]
error sending request for url (https://googlechromelabs.github.io/chrome-for-testing/known-good-versions-with-downloads.json): error trying to connect: dns error: No such host is known. (os error 11001)
Build info: version: '4.11.0', revision: '040bc5406b'
System info: os.name: 'Windows 10', os.arch: 'amd64', os.version: '10.0', java.version: '17.0.9'
Driver info: driver.version: ChromeDriver
at org.openqa.selenium.remote.service.DriverFinder.getPath(DriverFinder.java:25)
at org.openqa.selenium.remote.service.DriverFinder.getPath(DriverFinder.java:13)
at org.openqa.selenium.chrome.ChromeDriver.generateExecutor(ChromeDriver.java:99)
at org.openqa.selenium.chrome.ChromeDriver.<init>(ChromeDriver.java:88)
at org.openqa.selenium.chrome.ChromeDriver.<init>(ChromeDriver.java:83)
at org.openqa.selenium.chrome.ChromeDriver.<init>(ChromeDriver.java:51)
at com.OTM.GenericUtils.BaseClass.config_BC(BaseClass.java:37)
at java.base/java.util.ArrayList.forEach(ArrayList.java:1511)
at java.base/java.util.concurrent.FutureTask.run(FutureTask.java:264)
at java.base/java.util.concurrent.ThreadPoolExecutor.runWorker(ThreadPoolExecutor.java:1136)
at java.base/java.util.concurrent.ThreadPoolExecutor$Worker.run(ThreadPoolExecutor.java:635)
at java.base/java.lang.Thread.run(Thread.java:842)
Caused by: org.openqa.selenium.WebDriverException: Command failed with code: 65, executed: [C:\Users\KINSHU~1\AppData\Local\Temp\selenium-manager119333951460500010562644772955481806\selenium-manager.exe, --browser, chrome, --output, json]
error sending request for url (https://googlechromelabs.github.io/chrome-for-testing/known-good-versions-with-downloads.json): error trying to connect: dns error: No such host is known. (os error 11001)
Build info: version: '4.11.0', revision: '040bc5406b'
System info: os.name: 'Windows 10', os.arch: 'amd64', os.version: '10.0', java.version: '17.0.9'
Driver info: driver.version: ChromeDriver
at org.openqa.selenium.manager.SeleniumManager.runCommand(SeleniumManager.java:151)
at org.openqa.selenium.manager.SeleniumManager.getDriverPath(SeleniumManager.java:273)
at org.openqa.selenium.remote.service.DriverFinder.getPath(DriverFinder.java:22)
... 26 more
... Removed 15 stack frames]]>
    </failure>
  </testcase> <!-- @BeforeClass config_BC -->
  <testcase classname="com.OTM.GenericUtils.BaseClass" name="@BeforeMethod cofig_BM" time="0.0">
    <skipped/>
  </testcase> <!-- @BeforeMethod cofig_BM -->
  <testcase classname="com.OTM.GenericUtils.BaseClass" name="@AfterMethod cofig_AM" time="0.0">
    <skipped/>
  </testcase> <!-- @AfterMethod cofig_AM -->
  <testcase classname="com.OTM.GenericUtils.BaseClass" name="@BeforeMethod cofig_BM" time="0.0">
    <skipped/>
  </testcase> <!-- @BeforeMethod cofig_BM -->
  <testcase classname="com.OTM.GenericUtils.BaseClass" name="@AfterMethod cofig_AM" time="0.0">
    <skipped/>
  </testcase> <!-- @AfterMethod cofig_AM -->
  <testcase classname="com.OTM.GenericUtils.BaseClass" name="@AfterClass cofig_AC" time="0.0">
    <skipped/>
  </testcase> <!-- @AfterClass cofig_AC -->
  <testcase classname="com.OTM.GenericUtils.BaseClass" name="@BeforeClass config_BC" time="1.217">
    <failure type="org.openqa.selenium.remote.NoSuchDriverException" message="Unable to obtain: Capabilities {browserName: chrome, goog:chromeOptions: {args: [--remote-allow-origins=*], extensions: []}}, error Command failed with code: 65, executed: [C:\Users\KINSHU~1\AppData\Local\Temp\selenium-manager119333951460500010562644772955481806\selenium-manager.exe, --browser, chrome, --output, json]
error sending request for url (https://googlechromelabs.github.io/chrome-for-testing/known-good-versions-with-downloads.json): error trying to connect: dns error: No such host is known. (os error 11001)
Build info: version: &amp;apos;4.11.0&amp;apos;, revision: &amp;apos;040bc5406b&amp;apos;
System info: os.name: &amp;apos;Windows 10&amp;apos;, os.arch: &amp;apos;amd64&amp;apos;, os.version: &amp;apos;10.0&amp;apos;, java.version: &amp;apos;17.0.9&amp;apos;
Driver info: driver.version: ChromeDriver">
      <![CDATA[org.openqa.selenium.remote.NoSuchDriverException: Unable to obtain: Capabilities {browserName: chrome, goog:chromeOptions: {args: [--remote-allow-origins=*], extensions: []}}, error Command failed with code: 65, executed: [C:\Users\KINSHU~1\AppData\Local\Temp\selenium-manager119333951460500010562644772955481806\selenium-manager.exe, --browser, chrome, --output, json]
error sending request for url (https://googlechromelabs.github.io/chrome-for-testing/known-good-versions-with-downloads.json): error trying to connect: dns error: No such host is known. (os error 11001)
Build info: version: '4.11.0', revision: '040bc5406b'
System info: os.name: 'Windows 10', os.arch: 'amd64', os.version: '10.0', java.version: '17.0.9'
Driver info: driver.version: ChromeDriver
at org.openqa.selenium.remote.service.DriverFinder.getPath(DriverFinder.java:25)
at org.openqa.selenium.remote.service.DriverFinder.getPath(DriverFinder.java:13)
at org.openqa.selenium.chrome.ChromeDriver.generateExecutor(ChromeDriver.java:99)
at org.openqa.selenium.chrome.ChromeDriver.<init>(ChromeDriver.java:88)
at org.openqa.selenium.chrome.ChromeDriver.<init>(ChromeDriver.java:83)
at org.openqa.selenium.chrome.ChromeDriver.<init>(ChromeDriver.java:51)
at com.OTM.GenericUtils.BaseClass.config_BC(BaseClass.java:37)
at java.base/java.util.ArrayList.forEach(ArrayList.java:1511)
at java.base/java.util.concurrent.FutureTask.run(FutureTask.java:264)
at java.base/java.util.concurrent.ThreadPoolExecutor.runWorker(ThreadPoolExecutor.java:1136)
at java.base/java.util.concurrent.ThreadPoolExecutor$Worker.run(ThreadPoolExecutor.java:635)
at java.base/java.lang.Thread.run(Thread.java:842)
Caused by: org.openqa.selenium.WebDriverException: Command failed with code: 65, executed: [C:\Users\KINSHU~1\AppData\Local\Temp\selenium-manager119333951460500010562644772955481806\selenium-manager.exe, --browser, chrome, --output, json]
error sending request for url (https://googlechromelabs.github.io/chrome-for-testing/known-good-versions-with-downloads.json): error trying to connect: dns error: No such host is known. (os error 11001)
Build info: version: '4.11.0', revision: '040bc5406b'
System info: os.name: 'Windows 10', os.arch: 'amd64', os.version: '10.0', java.version: '17.0.9'
Driver info: driver.version: ChromeDriver
at org.openqa.selenium.manager.SeleniumManager.runCommand(SeleniumManager.java:151)
at org.openqa.selenium.manager.SeleniumManager.getDriverPath(SeleniumManager.java:273)
at org.openqa.selenium.remote.service.DriverFinder.getPath(DriverFinder.java:22)
... 26 more
... Removed 15 stack frames]]>
    </failure>
  </testcase> <!-- @BeforeClass config_BC -->
  <testcase classname="com.OTM.GenericUtils.BaseClass" name="@BeforeMethod cofig_BM" time="0.0">
    <skipped/>
  </testcase> <!-- @BeforeMethod cofig_BM -->
  <testcase classname="com.OTM.GenericUtils.BaseClass" name="@AfterMethod cofig_AM" time="0.0">
    <skipped/>
  </testcase> <!-- @AfterMethod cofig_AM -->
  <testcase classname="com.OTM.GenericUtils.BaseClass" name="@BeforeMethod cofig_BM" time="0.0">
    <skipped/>
  </testcase> <!-- @BeforeMethod cofig_BM -->
  <testcase classname="com.OTM.GenericUtils.BaseClass" name="@AfterMethod cofig_AM" time="0.0">
    <skipped/>
  </testcase> <!-- @AfterMethod cofig_AM -->
  <testcase classname="com.OTM.GenericUtils.BaseClass" name="@AfterClass cofig_AC" time="0.0">
    <skipped/>
  </testcase> <!-- @AfterClass cofig_AC -->
  <testcase classname="batchGroupParallelCrossB.SimpleTest" name="simple_1" time="0.001">
    <skipped/>
  </testcase> <!-- simple_1 -->
  <testcase classname="batchGroupParallelCrossB.SimpleTest" name="simple_2" time="0.002">
    <skipped/>
  </testcase> <!-- simple_2 -->
  <testcase classname="batchGroupParallelCrossB.DemoTest" name="demo_1" time="0.0">
    <skipped/>
  </testcase> <!-- demo_1 -->
  <testcase classname="batchGroupParallelCrossB.DemoTest" name="demo_2" time="0.0">
    <skipped/>
  </testcase> <!-- demo_2 -->
  <testcase classname="com.OTM.GenericUtils.BaseClass" name="@BeforeSuite config_BS" time="0.0">
    <ignored/>
  </testcase> <!-- @BeforeSuite config_BS -->
  <testcase classname="com.OTM.GenericUtils.BaseClass" name="@AfterSuite config_AS" time="0.0">
    <ignored/>
  </testcase> <!-- @AfterSuite config_AS -->
</testsuite> <!-- test-Runner=1 -->
